sample/build/outputs/logs/manifest-merger-debug-report.txt
-- Merging decision tree log ---
manifest
ADDED from QQLogin\sample\AndroidManifest.xml:1:1-149:12
INJECTED from QQLogin\sample\AndroidManifest.xml:1:1-149:12
INJECTED from QQLogin\sample\AndroidManifest.xml:1:1-149:12
INJECTED from QQLogin\sample\AndroidManifest.xml:1:1-149:12
INJECTED from QQLogin\sample\AndroidManifest.xml:1:1-149:12
	package
		ADDED from QQLogin\sample\AndroidManifest.xml:2:5-33
	android:versionName
		ADDED from QQLogin\sample\AndroidManifest.xml:4:5-30
		INJECTED from QQLogin\sample\AndroidManifest.xml
		INJECTED from QQLogin\sample\AndroidManifest.xml
	xmlns:android
		ADDED from QQLogin\sample\AndroidManifest.xml:1:11-69
	android:versionCode
		ADDED from QQLogin\sample\AndroidManifest.xml:3:5-28
		INJECTED from QQLogin\sample\AndroidManifest.xml
		INJECTED from QQLogin\sample\AndroidManifest.xml
uses-sdk
ADDED from QQLogin\sample\AndroidManifest.xml:6:5-8:41
	android:targetSdkVersion
		ADDED from QQLogin\sample\AndroidManifest.xml:8:9-38
	android:minSdkVersion
		ADDED from QQLogin\sample\AndroidManifest.xml:7:9-35
uses-permission#android.permission.INTERNET
ADDED from QQLogin\sample\AndroidManifest.xml:10:5-67
	android:name
		ADDED from QQLogin\sample\AndroidManifest.xml:10:22-64
uses-permission#android.permission.ACCESS_NETWORK_STATE
ADDED from QQLogin\sample\AndroidManifest.xml:11:5-79
	android:name
		ADDED from QQLogin\sample\AndroidManifest.xml:11:22-76
uses-permission#android.permission.WRITE_EXTERNAL_STORAGE
ADDED from QQLogin\sample\AndroidManifest.xml:12:5-81
	android:name
		ADDED from QQLogin\sample\AndroidManifest.xml:12:22-78
uses-permission#android.permission.ACCESS_FINE_LOCATION
ADDED from QQLogin\sample\AndroidManifest.xml:14:5-79
	android:name
		ADDED from QQLogin\sample\AndroidManifest.xml:14:22-76
uses-permission#android.permission.ACCESS_COARSE_LOCATION
ADDED from QQLogin\sample\AndroidManifest.xml:15:5-81
	android:name
		ADDED from QQLogin\sample\AndroidManifest.xml:15:22-78
uses-permission#android.permission.ACCESS_LOCATION_EXTRA_COMMANDS
ADDED from QQLogin\sample\AndroidManifest.xml:16:5-89
	android:name
		ADDED from QQLogin\sample\AndroidManifest.xml:16:22-86
uses-permission#android.permission.CHANGE_WIFI_STATE
ADDED from QQLogin\sample\AndroidManifest.xml:17:5-76
	android:name
		ADDED from QQLogin\sample\AndroidManifest.xml:17:22-73
uses-permission#android.permission.ACCESS_WIFI_STATE
ADDED from QQLogin\sample\AndroidManifest.xml:19:5-76
	android:name
		ADDED from QQLogin\sample\AndroidManifest.xml:19:22-73
uses-permission#android.permission.READ_PHONE_STATE
ADDED from QQLogin\sample\AndroidManifest.xml:20:5-75
	android:name
		ADDED from QQLogin\sample\AndroidManifest.xml:20:22-72
uses-permission#android.permission.GET_TASKS
ADDED from QQLogin\sample\AndroidManifest.xml:22:5-67
	android:name
		ADDED from QQLogin\sample\AndroidManifest.xml:22:22-65
application
ADDED from QQLogin\sample\AndroidManifest.xml:24:5-147:19
	android:label
		ADDED from QQLogin\sample\AndroidManifest.xml:28:9-41
	android:debuggable
		ADDED from QQLogin\sample\AndroidManifest.xml:26:3-28
	android:icon
		ADDED from QQLogin\sample\AndroidManifest.xml:27:9-45
	android:allowBackup
		ADDED from QQLogin\sample\AndroidManifest.xml:25:9-36
	android:theme
		ADDED from QQLogin\sample\AndroidManifest.xml:29:9-40
activity#com.tencent.sample.activitys.MainActivity
ADDED from QQLogin\sample\AndroidManifest.xml:30:9-39:20
	android:screenOrientation
		ADDED from QQLogin\sample\AndroidManifest.xml:34:13-50
	android:label
		ADDED from QQLogin\sample\AndroidManifest.xml:32:13-56
	android:excludeFromRecents
		ADDED from QQLogin\sample\AndroidManifest.xml:33:13-46
	android:name
		ADDED from QQLogin\sample\AndroidManifest.xml:31:13-51
intent-filter#android.intent.action.MAIN+android.intent.category.LAUNCHER
ADDED from QQLogin\sample\AndroidManifest.xml:35:13-38:29
action#android.intent.action.MAIN
ADDED from QQLogin\sample\AndroidManifest.xml:36:17-69
	android:name
		ADDED from QQLogin\sample\AndroidManifest.xml:36:25-66
category#android.intent.category.LAUNCHER
ADDED from QQLogin\sample\AndroidManifest.xml:37:17-77
	android:name
		ADDED from QQLogin\sample\AndroidManifest.xml:37:27-74
receiver#com.tencent.sample.AppRegister
ADDED from QQLogin\sample\AndroidManifest.xml:41:9-47:20
	android:permission
		ADDED from QQLogin\sample\AndroidManifest.xml:43:13-71
	android:name
		ADDED from QQLogin\sample\AndroidManifest.xml:42:13-58
intent-filter#com.tencent.mm.plugin.openapi.Intent.ACTION_REFRESH_WXAPP
ADDED from QQLogin\sample\AndroidManifest.xml:44:13-46:29
action#com.tencent.mm.plugin.openapi.Intent.ACTION_REFRESH_WXAPP
ADDED from QQLogin\sample\AndroidManifest.xml:45:17-100
	android:name
		ADDED from QQLogin\sample\AndroidManifest.xml:45:25-97
activity#com.tencent.open.yyb.AppbarActivity
ADDED from QQLogin\sample\AndroidManifest.xml:49:9-54:52
	android:screenOrientation
		ADDED from QQLogin\sample\AndroidManifest.xml:54:13-50
	android:excludeFromRecents
		ADDED from QQLogin\sample\AndroidManifest.xml:53:13-46
	android:configChanges
		ADDED from QQLogin\sample\AndroidManifest.xml:51:13-63
	android:theme
		ADDED from QQLogin\sample\AndroidManifest.xml:52:13-72
	android:name
		ADDED from QQLogin\sample\AndroidManifest.xml:50:13-63
activity#com.tencent.connect.avatar.ImageActivity
ADDED from QQLogin\sample\AndroidManifest.xml:55:9-77
	android:name
		ADDED from QQLogin\sample\AndroidManifest.xml:55:19-74
activity#com.tencent.connect.common.AssistActivity
ADDED from QQLogin\sample\AndroidManifest.xml:56:9-60:75
	android:screenOrientation
		ADDED from QQLogin\sample\AndroidManifest.xml:59:13-47
	android:configChanges
		ADDED from QQLogin\sample\AndroidManifest.xml:58:13-63
	android:theme
		ADDED from QQLogin\sample\AndroidManifest.xml:60:13-72
	android:name
		ADDED from QQLogin\sample\AndroidManifest.xml:57:13-69
activity#com.tencent.sample.ReturnActivity
ADDED from QQLogin\sample\AndroidManifest.xml:61:9-64:20
	android:label
		ADDED from QQLogin\sample\AndroidManifest.xml:63:13-58
	android:name
		ADDED from QQLogin\sample\AndroidManifest.xml:62:13-43
activity#com.tencent.tauth.AuthActivity
ADDED from QQLogin\sample\AndroidManifest.xml:65:9-76:20
	android:launchMode
		ADDED from QQLogin\sample\AndroidManifest.xml:67:13-44
	android:noHistory
		ADDED from QQLogin\sample\AndroidManifest.xml:68:13-37
	android:name
		ADDED from QQLogin\sample\AndroidManifest.xml:66:13-58
intent-filter#android.intent.action.VIEW+android.intent.category.BROWSABLE+android.intent.category.DEFAULT
ADDED from QQLogin\sample\AndroidManifest.xml:69:13-75:29
action#android.intent.action.VIEW
ADDED from QQLogin\sample\AndroidManifest.xml:70:17-69
	android:name
		ADDED from QQLogin\sample\AndroidManifest.xml:70:25-66
category#android.intent.category.DEFAULT
ADDED from QQLogin\sample\AndroidManifest.xml:71:17-76
	android:name
		ADDED from QQLogin\sample\AndroidManifest.xml:71:27-73
category#android.intent.category.BROWSABLE
ADDED from QQLogin\sample\AndroidManifest.xml:72:17-78
	android:name
		ADDED from QQLogin\sample\AndroidManifest.xml:72:27-75
data
ADDED from QQLogin\sample\AndroidManifest.xml:73:17-56
	android:scheme
		ADDED from QQLogin\sample\AndroidManifest.xml:73:23-53
activity#com.tencent.sample.activitys.AccountInfoActivity
ADDED from QQLogin\sample\AndroidManifest.xml:78:9-80:66
	android:configChanges
		ADDED from QQLogin\sample\AndroidManifest.xml:80:13-63
	android:name
		ADDED from QQLogin\sample\AndroidManifest.xml:79:13-58
activity#com.tencent.sample.activitys.QQFavoritesActivity
ADDED from QQLogin\sample\AndroidManifest.xml:81:9-84:63
	android:windowSoftInputMode
		ADDED from QQLogin\sample\AndroidManifest.xml:84:13-60
	android:configChanges
		ADDED from QQLogin\sample\AndroidManifest.xml:83:13-63
	android:name
		ADDED from QQLogin\sample\AndroidManifest.xml:82:13-58
activity#com.tencent.sample.activitys.QQDatalineActivity
ADDED from QQLogin\sample\AndroidManifest.xml:85:9-88:63
	android:windowSoftInputMode
		ADDED from QQLogin\sample\AndroidManifest.xml:88:13-60
	android:configChanges
		ADDED from QQLogin\sample\AndroidManifest.xml:87:13-63
	android:name
		ADDED from QQLogin\sample\AndroidManifest.xml:86:13-57
activity#com.tencent.sample.activitys.QQTroopBarActivity
ADDED from QQLogin\sample\AndroidManifest.xml:89:9-92:63
	android:windowSoftInputMode
		ADDED from QQLogin\sample\AndroidManifest.xml:92:13-60
	android:configChanges
		ADDED from QQLogin\sample\AndroidManifest.xml:91:13-63
	android:name
		ADDED from QQLogin\sample\AndroidManifest.xml:90:13-57
activity#com.tencent.sample.activitys.QQShareActivity
ADDED from QQLogin\sample\AndroidManifest.xml:93:9-96:63
	android:windowSoftInputMode
		ADDED from QQLogin\sample\AndroidManifest.xml:96:13-60
	android:configChanges
		ADDED from QQLogin\sample\AndroidManifest.xml:95:13-63
	android:name
		ADDED from QQLogin\sample\AndroidManifest.xml:94:13-54
activity#com.tencent.sample.activitys.QZoneShareActivity
ADDED from QQLogin\sample\AndroidManifest.xml:97:9-100:63
	android:windowSoftInputMode
		ADDED from QQLogin\sample\AndroidManifest.xml:100:13-60
	android:configChanges
		ADDED from QQLogin\sample\AndroidManifest.xml:99:13-63
	android:name
		ADDED from QQLogin\sample\AndroidManifest.xml:98:13-57
activity#com.tencent.sample.activitys.QzonePicturesActivity
ADDED from QQLogin\sample\AndroidManifest.xml:101:9-103:66
	android:configChanges
		ADDED from QQLogin\sample\AndroidManifest.xml:103:13-63
	android:name
		ADDED from QQLogin\sample\AndroidManifest.xml:102:13-60
activity#com.tencent.sample.activitys.WPAActivity
ADDED from QQLogin\sample\AndroidManifest.xml:109:9-113:52
	android:screenOrientation
		ADDED from QQLogin\sample\AndroidManifest.xml:113:13-49
	android:windowSoftInputMode
		ADDED from QQLogin\sample\AndroidManifest.xml:112:13-60
	android:configChanges
		ADDED from QQLogin\sample\AndroidManifest.xml:111:13-63
	android:name
		ADDED from QQLogin\sample\AndroidManifest.xml:110:13-50
activity#com.tencent.sample.activitys.OtherApiActivity
ADDED from QQLogin\sample\AndroidManifest.xml:114:9-117:63
	android:windowSoftInputMode
		ADDED from QQLogin\sample\AndroidManifest.xml:117:13-60
	android:configChanges
		ADDED from QQLogin\sample\AndroidManifest.xml:116:13-63
	android:name
		ADDED from QQLogin\sample\AndroidManifest.xml:115:13-55
activity#com.tencent.sample.activitys.SocialApiActivity
ADDED from QQLogin\sample\AndroidManifest.xml:118:9-121:63
	android:windowSoftInputMode
		ADDED from QQLogin\sample\AndroidManifest.xml:121:13-60
	android:configChanges
		ADDED from QQLogin\sample\AndroidManifest.xml:120:13-63
	android:name
		ADDED from QQLogin\sample\AndroidManifest.xml:119:13-56
activity#com.tencent.sample.activitys.SocialAppbarActivity
ADDED from QQLogin\sample\AndroidManifest.xml:122:9-125:63
	android:windowSoftInputMode
		ADDED from QQLogin\sample\AndroidManifest.xml:125:13-60
	android:configChanges
		ADDED from QQLogin\sample\AndroidManifest.xml:124:13-63
	android:name
		ADDED from QQLogin\sample\AndroidManifest.xml:123:13-59
activity#com.tencent.sample.activitys.AvatarActivity
ADDED from QQLogin\sample\AndroidManifest.xml:126:9-129:63
	android:windowSoftInputMode
		ADDED from QQLogin\sample\AndroidManifest.xml:129:13-60
	android:configChanges
		ADDED from QQLogin\sample\AndroidManifest.xml:128:13-63
	android:name
		ADDED from QQLogin\sample\AndroidManifest.xml:127:13-53
activity#com.tencent.sample.activitys.QQGroupActivity
ADDED from QQLogin\sample\AndroidManifest.xml:131:9-135:63
	android:screenOrientation
		ADDED from QQLogin\sample\AndroidManifest.xml:134:13-49
	android:windowSoftInputMode
		ADDED from QQLogin\sample\AndroidManifest.xml:135:13-60
	android:configChanges
		ADDED from QQLogin\sample\AndroidManifest.xml:133:13-63
	android:name
		ADDED from QQLogin\sample\AndroidManifest.xml:132:13-54
activity#com.tencent.sample.activitys.GameLogicActivity
ADDED from QQLogin\sample\AndroidManifest.xml:136:9-140:63
	android:screenOrientation
		ADDED from QQLogin\sample\AndroidManifest.xml:139:13-49
	android:windowSoftInputMode
		ADDED from QQLogin\sample\AndroidManifest.xml:140:13-60
	android:configChanges
		ADDED from QQLogin\sample\AndroidManifest.xml:138:13-63
	android:name
		ADDED from QQLogin\sample\AndroidManifest.xml:137:13-56
activity#com.tencent.sample.activitys.SharePrizeActivity
ADDED from QQLogin\sample\AndroidManifest.xml:143:9-146:63
	android:windowSoftInputMode
		ADDED from QQLogin\sample\AndroidManifest.xml:146:13-60
	android:configChanges
		ADDED from QQLogin\sample\AndroidManifest.xml:145:13-63
	android:name
		ADDED from QQLogin\sample\AndroidManifest.xml:144:13-57